<?xml version="1.0" encoding="UTF-8"?>
<testng-results skipped="0" failed="2" ignored="0" total="5" passed="3">
  <reporter-output>
  </reporter-output>
  <suite name="Suite" duration-ms="53320" started-at="2022-07-05T11:37:29Z" finished-at="2022-07-05T11:38:22Z">
    <groups>
    </groups>
    <test name="Test" duration-ms="53320" started-at="2022-07-05T11:37:29Z" finished-at="2022-07-05T11:38:22Z">
      <class name="com.testCasesOfAmazon.TestCasesForGettingPrice">
        <test-method status="PASS" signature="setupBrowser()[pri:0, instance:com.testCasesOfAmazon.TestCasesForGettingPrice@4facf68f]" name="setupBrowser" is-config="true" duration-ms="3269" started-at="2022-07-05T11:37:29Z" finished-at="2022-07-05T11:37:32Z">
          <reporter-output>
          </reporter-output>
        </test-method> <!-- setupBrowser -->
        <test-method status="PASS" signature="testCase1ForAmazon()[pri:0, instance:com.testCasesOfAmazon.TestCasesForGettingPrice@4facf68f]" name="testCase1ForAmazon" duration-ms="9995" started-at="2022-07-05T11:37:32Z" finished-at="2022-07-05T11:37:42Z">
          <reporter-output>
          </reporter-output>
        </test-method> <!-- testCase1ForAmazon -->
        <test-method status="PASS" signature="tearDownBrowser()[pri:0, instance:com.testCasesOfAmazon.TestCasesForGettingPrice@4facf68f]" name="tearDownBrowser" is-config="true" duration-ms="4174" started-at="2022-07-05T11:37:42Z" finished-at="2022-07-05T11:37:46Z">
          <reporter-output>
          </reporter-output>
        </test-method> <!-- tearDownBrowser -->
        <test-method status="PASS" signature="setupBrowser()[pri:0, instance:com.testCasesOfAmazon.TestCasesForGettingPrice@4facf68f]" name="setupBrowser" is-config="true" duration-ms="1373" started-at="2022-07-05T11:37:46Z" finished-at="2022-07-05T11:37:48Z">
          <reporter-output>
          </reporter-output>
        </test-method> <!-- setupBrowser -->
        <test-method status="FAIL" signature="testCase2ForFlipKart()[pri:0, instance:com.testCasesOfAmazon.TestCasesForGettingPrice@4facf68f]" name="testCase2ForFlipKart" duration-ms="9737" started-at="2022-07-05T11:37:48Z" finished-at="2022-07-05T11:37:58Z">
          <exception class="org.openqa.selenium.NoSuchElementException">
            <message>
              <![CDATA[no such element: Unable to locate element: {"method":"xpath","selector":"//div[contains(text(),'84,409')]"}
  (Session info: chrome=103.0.5060.66)
For documentation on this error, please visit: https://selenium.dev/exceptions/#no_such_element
Build info: version: '4.1.2', revision: '9a5a329c5a'
System info: host: 'DESKTOP-LEKU5PK', ip: '192.168.1.5', os.name: 'Windows 10', os.arch: 'amd64', os.version: '10.0', java.version: '1.8.0_311'
Driver info: org.openqa.selenium.chrome.ChromeDriver
Command: [8126eaa4d3a53c91485d8b0a8025e8b0, findElement {using=xpath, value=//div[contains(text(),'84,409')]}]
Capabilities {acceptInsecureCerts: false, browserName: chrome, browserVersion: 103.0.5060.66, chrome: {chromedriverVersion: 103.0.5060.53 (a1711811edd7..., userDataDir: C:\Users\Sandeep\AppData\Lo...}, goog:chromeOptions: {debuggerAddress: localhost:61600}, javascriptEnabled: true, networkConnectionEnabled: false, pageLoadStrategy: normal, platform: WINDOWS, platformName: WINDOWS, proxy: Proxy(), se:cdp: ws://localhost:61600/devtoo..., se:cdpVersion: 103.0.5060.66, setWindowRect: true, strictFileInteractability: false, timeouts: {implicit: 0, pageLoad: 300000, script: 30000}, unhandledPromptBehavior: dismiss and notify, webauthn:extension:credBlob: true, webauthn:extension:largeBlob: true, webauthn:virtualAuthenticators: true}
Session ID: 8126eaa4d3a53c91485d8b0a8025e8b0]]>
            </message>
            <full-stacktrace>
              <![CDATA[org.openqa.selenium.NoSuchElementException: no such element: Unable to locate element: {"method":"xpath","selector":"//div[contains(text(),'84,409')]"}
  (Session info: chrome=103.0.5060.66)
For documentation on this error, please visit: https://selenium.dev/exceptions/#no_such_element
Build info: version: '4.1.2', revision: '9a5a329c5a'
System info: host: 'DESKTOP-LEKU5PK', ip: '192.168.1.5', os.name: 'Windows 10', os.arch: 'amd64', os.version: '10.0', java.version: '1.8.0_311'
Driver info: org.openqa.selenium.chrome.ChromeDriver
Command: [8126eaa4d3a53c91485d8b0a8025e8b0, findElement {using=xpath, value=//div[contains(text(),'84,409')]}]
Capabilities {acceptInsecureCerts: false, browserName: chrome, browserVersion: 103.0.5060.66, chrome: {chromedriverVersion: 103.0.5060.53 (a1711811edd7..., userDataDir: C:\Users\Sandeep\AppData\Lo...}, goog:chromeOptions: {debuggerAddress: localhost:61600}, javascriptEnabled: true, networkConnectionEnabled: false, pageLoadStrategy: normal, platform: WINDOWS, platformName: WINDOWS, proxy: Proxy(), se:cdp: ws://localhost:61600/devtoo..., se:cdpVersion: 103.0.5060.66, setWindowRect: true, strictFileInteractability: false, timeouts: {implicit: 0, pageLoad: 300000, script: 30000}, unhandledPromptBehavior: dismiss and notify, webauthn:extension:credBlob: true, webauthn:extension:largeBlob: true, webauthn:virtualAuthenticators: true}
Session ID: 8126eaa4d3a53c91485d8b0a8025e8b0
at sun.reflect.NativeConstructorAccessorImpl.newInstance0(Native Method)
at sun.reflect.NativeConstructorAccessorImpl.newInstance(NativeConstructorAccessorImpl.java:62)
at sun.reflect.DelegatingConstructorAccessorImpl.newInstance(DelegatingConstructorAccessorImpl.java:45)
at java.lang.reflect.Constructor.newInstance(Constructor.java:423)
at org.openqa.selenium.remote.codec.w3c.W3CHttpResponseCodec.createException(W3CHttpResponseCodec.java:200)
at org.openqa.selenium.remote.codec.w3c.W3CHttpResponseCodec.decode(W3CHttpResponseCodec.java:133)
at org.openqa.selenium.remote.codec.w3c.W3CHttpResponseCodec.decode(W3CHttpResponseCodec.java:53)
at org.openqa.selenium.remote.HttpCommandExecutor.execute(HttpCommandExecutor.java:184)
at org.openqa.selenium.remote.service.DriverCommandExecutor.invokeExecute(DriverCommandExecutor.java:167)
at org.openqa.selenium.remote.service.DriverCommandExecutor.execute(DriverCommandExecutor.java:142)
at org.openqa.selenium.remote.RemoteWebDriver.execute(RemoteWebDriver.java:558)
at org.openqa.selenium.remote.ElementLocation$ElementFinder$2.findElement(ElementLocation.java:162)
at org.openqa.selenium.remote.ElementLocation.findElement(ElementLocation.java:60)
at org.openqa.selenium.remote.RemoteWebDriver.findElement(RemoteWebDriver.java:382)
at org.openqa.selenium.remote.RemoteWebDriver.findElement(RemoteWebDriver.java:374)
at org.openqa.selenium.support.pagefactory.DefaultElementLocator.findElement(DefaultElementLocator.java:70)
at org.openqa.selenium.support.pagefactory.internal.LocatingElementHandler.invoke(LocatingElementHandler.java:39)
at com.sun.proxy.$Proxy12.getText(Unknown Source)
at com.pages.FlipKartHomePage.getPriceOfIphone13(FlipKartHomePage.java:36)
at com.testCasesOfAmazon.TestCasesForGettingPrice.testCase2ForFlipKart(TestCasesForGettingPrice.java:47)
at sun.reflect.NativeMethodAccessorImpl.invoke0(Native Method)
at sun.reflect.NativeMethodAccessorImpl.invoke(NativeMethodAccessorImpl.java:62)
at sun.reflect.DelegatingMethodAccessorImpl.invoke(DelegatingMethodAccessorImpl.java:43)
at java.lang.reflect.Method.invoke(Method.java:498)
at org.testng.internal.MethodInvocationHelper.invokeMethod(MethodInvocationHelper.java:124)
at org.testng.internal.Invoker.invokeMethod(Invoker.java:583)
at org.testng.internal.Invoker.invokeTestMethod(Invoker.java:719)
at org.testng.internal.Invoker.invokeTestMethods(Invoker.java:989)
at org.testng.internal.TestMethodWorker.invokeTestMethods(TestMethodWorker.java:125)
at org.testng.internal.TestMethodWorker.run(TestMethodWorker.java:109)
at org.testng.TestRunner.privateRun(TestRunner.java:648)
at org.testng.TestRunner.run(TestRunner.java:505)
at org.testng.SuiteRunner.runTest(SuiteRunner.java:455)
at org.testng.SuiteRunner.runSequentially(SuiteRunner.java:450)
at org.testng.SuiteRunner.privateRun(SuiteRunner.java:415)
at org.testng.SuiteRunner.run(SuiteRunner.java:364)
at org.testng.SuiteRunnerWorker.runSuite(SuiteRunnerWorker.java:52)
at org.testng.SuiteRunnerWorker.run(SuiteRunnerWorker.java:84)
at org.testng.TestNG.runSuitesSequentially(TestNG.java:1208)
at org.testng.TestNG.runSuitesLocally(TestNG.java:1137)
at org.testng.TestNG.runSuites(TestNG.java:1049)
at org.testng.TestNG.run(TestNG.java:1017)
at org.apache.maven.surefire.testng.TestNGExecutor.run(TestNGExecutor.java:324)
at org.apache.maven.surefire.testng.TestNGXmlTestSuite.execute(TestNGXmlTestSuite.java:74)
at org.apache.maven.surefire.testng.TestNGProvider.invoke(TestNGProvider.java:123)
at org.apache.maven.surefire.booter.ForkedBooter.runSuitesInProcess(ForkedBooter.java:456)
at org.apache.maven.surefire.booter.ForkedBooter.execute(ForkedBooter.java:169)
at org.apache.maven.surefire.booter.ForkedBooter.run(ForkedBooter.java:595)
at org.apache.maven.surefire.booter.ForkedBooter.main(ForkedBooter.java:581)
]]>
            </full-stacktrace>
          </exception> <!-- org.openqa.selenium.NoSuchElementException -->
          <reporter-output>
          </reporter-output>
        </test-method> <!-- testCase2ForFlipKart -->
        <test-method status="PASS" signature="tearDownBrowser()[pri:0, instance:com.testCasesOfAmazon.TestCasesForGettingPrice@4facf68f]" name="tearDownBrowser" is-config="true" duration-ms="4131" started-at="2022-07-05T11:37:58Z" finished-at="2022-07-05T11:38:02Z">
          <reporter-output>
          </reporter-output>
        </test-method> <!-- tearDownBrowser -->
        <test-method status="PASS" signature="setupBrowser()[pri:0, instance:com.testCasesOfAmazon.TestCasesForGettingPrice@4facf68f]" name="setupBrowser" is-config="true" duration-ms="1602" started-at="2022-07-05T11:38:02Z" finished-at="2022-07-05T11:38:03Z">
          <reporter-output>
          </reporter-output>
        </test-method> <!-- setupBrowser -->
        <test-method status="FAIL" signature="testCase3ForComparingPrice()[pri:0, instance:com.testCasesOfAmazon.TestCasesForGettingPrice@4facf68f]" name="testCase3ForComparingPrice" duration-ms="1" started-at="2022-07-05T11:38:03Z" finished-at="2022-07-05T11:38:03Z">
          <exception class="java.lang.StringIndexOutOfBoundsException">
            <message>
              <![CDATA[String index out of range: -1]]>
            </message>
            <full-stacktrace>
              <![CDATA[java.lang.StringIndexOutOfBoundsException: String index out of range: -1
at java.lang.String.substring(String.java:1960)
at com.testCasesOfAmazon.TestCasesForGettingPrice.testCase3ForComparingPrice(TestCasesForGettingPrice.java:56)
at sun.reflect.NativeMethodAccessorImpl.invoke0(Native Method)
at sun.reflect.NativeMethodAccessorImpl.invoke(NativeMethodAccessorImpl.java:62)
at sun.reflect.DelegatingMethodAccessorImpl.invoke(DelegatingMethodAccessorImpl.java:43)
at java.lang.reflect.Method.invoke(Method.java:498)
at org.testng.internal.MethodInvocationHelper.invokeMethod(MethodInvocationHelper.java:124)
at org.testng.internal.Invoker.invokeMethod(Invoker.java:583)
at org.testng.internal.Invoker.invokeTestMethod(Invoker.java:719)
at org.testng.internal.Invoker.invokeTestMethods(Invoker.java:989)
at org.testng.internal.TestMethodWorker.invokeTestMethods(TestMethodWorker.java:125)
at org.testng.internal.TestMethodWorker.run(TestMethodWorker.java:109)
at org.testng.TestRunner.privateRun(TestRunner.java:648)
at org.testng.TestRunner.run(TestRunner.java:505)
at org.testng.SuiteRunner.runTest(SuiteRunner.java:455)
at org.testng.SuiteRunner.runSequentially(SuiteRunner.java:450)
at org.testng.SuiteRunner.privateRun(SuiteRunner.java:415)
at org.testng.SuiteRunner.run(SuiteRunner.java:364)
at org.testng.SuiteRunnerWorker.runSuite(SuiteRunnerWorker.java:52)
at org.testng.SuiteRunnerWorker.run(SuiteRunnerWorker.java:84)
at org.testng.TestNG.runSuitesSequentially(TestNG.java:1208)
at org.testng.TestNG.runSuitesLocally(TestNG.java:1137)
at org.testng.TestNG.runSuites(TestNG.java:1049)
at org.testng.TestNG.run(TestNG.java:1017)
at org.apache.maven.surefire.testng.TestNGExecutor.run(TestNGExecutor.java:324)
at org.apache.maven.surefire.testng.TestNGXmlTestSuite.execute(TestNGXmlTestSuite.java:74)
at org.apache.maven.surefire.testng.TestNGProvider.invoke(TestNGProvider.java:123)
at org.apache.maven.surefire.booter.ForkedBooter.runSuitesInProcess(ForkedBooter.java:456)
at org.apache.maven.surefire.booter.ForkedBooter.execute(ForkedBooter.java:169)
at org.apache.maven.surefire.booter.ForkedBooter.run(ForkedBooter.java:595)
at org.apache.maven.surefire.booter.ForkedBooter.main(ForkedBooter.java:581)
]]>
            </full-stacktrace>
          </exception> <!-- java.lang.StringIndexOutOfBoundsException -->
          <reporter-output>
          </reporter-output>
        </test-method> <!-- testCase3ForComparingPrice -->
        <test-method status="PASS" signature="tearDownBrowser()[pri:0, instance:com.testCasesOfAmazon.TestCasesForGettingPrice@4facf68f]" name="tearDownBrowser" is-config="true" duration-ms="49" started-at="2022-07-05T11:38:03Z" finished-at="2022-07-05T11:38:03Z">
          <reporter-output>
          </reporter-output>
        </test-method> <!-- tearDownBrowser -->
      </class> <!-- com.testCasesOfAmazon.TestCasesForGettingPrice -->
      <class name="com.testCasesOfGuiGeneric.TestCasesOfGenericGui">
        <test-method status="PASS" signature="setupBrowser()[pri:0, instance:com.testCasesOfGuiGeneric.TestCasesOfGenericGui@76508ed1]" name="setupBrowser" is-config="true" duration-ms="1325" started-at="2022-07-05T11:38:03Z" finished-at="2022-07-05T11:38:05Z">
          <reporter-output>
          </reporter-output>
        </test-method> <!-- setupBrowser -->
        <test-method status="PASS" signature="testCase1ForValidating100Rows()[pri:0, instance:com.testCasesOfGuiGeneric.TestCasesOfGenericGui@76508ed1]" name="testCase1ForValidating100Rows" duration-ms="8556" started-at="2022-07-05T11:38:05Z" finished-at="2022-07-05T11:38:13Z">
          <reporter-output>
          </reporter-output>
        </test-method> <!-- testCase1ForValidating100Rows -->
        <test-method status="PASS" signature="tearDownBrowser()[pri:0, instance:com.testCasesOfGuiGeneric.TestCasesOfGenericGui@76508ed1]" name="tearDownBrowser" is-config="true" duration-ms="56" started-at="2022-07-05T11:38:13Z" finished-at="2022-07-05T11:38:13Z">
          <reporter-output>
          </reporter-output>
        </test-method> <!-- tearDownBrowser -->
        <test-method status="PASS" signature="setupBrowser()[pri:0, instance:com.testCasesOfGuiGeneric.TestCasesOfGenericGui@76508ed1]" name="setupBrowser" is-config="true" duration-ms="1376" started-at="2022-07-05T11:38:13Z" finished-at="2022-07-05T11:38:15Z">
          <reporter-output>
          </reporter-output>
        </test-method> <!-- setupBrowser -->
        <test-method status="PASS" signature="testCase2ForGettingInformation()[pri:0, instance:com.testCasesOfGuiGeneric.TestCasesOfGenericGui@76508ed1]" name="testCase2ForGettingInformation" duration-ms="7555" started-at="2022-07-05T11:38:15Z" finished-at="2022-07-05T11:38:22Z">
          <reporter-output>
          </reporter-output>
        </test-method> <!-- testCase2ForGettingInformation -->
        <test-method status="PASS" signature="tearDownBrowser()[pri:0, instance:com.testCasesOfGuiGeneric.TestCasesOfGenericGui@76508ed1]" name="tearDownBrowser" is-config="true" duration-ms="55" started-at="2022-07-05T11:38:22Z" finished-at="2022-07-05T11:38:22Z">
          <reporter-output>
          </reporter-output>
        </test-method> <!-- tearDownBrowser -->
      </class> <!-- com.testCasesOfGuiGeneric.TestCasesOfGenericGui -->
    </test> <!-- Test -->
  </suite> <!-- Suite -->
</testng-results>
